# JRE version: Java(TM) SE Runtime Environment (8.0_201-b09) (build 1.8.0_201-b09)
# Java VM: Java HotSpot(TM) 64-Bit Server VM (25.201-b09 mixed mode bsd-amd64 compressed oops)
Heap:
 PSYoungGen      total 1024K, used 512K [0x00000007bfe80000, 0x00000007c0000000, 0x00000007c0000000)
  eden space 512K, 100% used [0x00000007bfe80000,0x00000007bff00000,0x00000007bff00000)
  from space 512K, 0% used [0x00000007bff00000,0x00000007bff00000,0x00000007bff80000)
  to   space 512K, 87% used [0x00000007bff80000,0x00000007bffefe58,0x00000007c0000000)
 ParOldGen       total 512K, used 489K [0x00000007bfe00000, 0x00000007bfe80000, 0x00000007bfe80000)
  object space 512K, 95% used [0x00000007bfe00000,0x00000007bfe7a730,0x00000007bfe80000)
 Metaspace       used 2947K, capacity 4496K, committed 4864K, reserved 1056768K
  class space    used 322K, capacity 388K, committed 512K, reserved 1048576K
GC Heap History (10 events):
Event: 0.164 GC heap before
{Heap before GC invocations=4 (full 0):
 PSYoungGen      total 1024K, used 1024K [0x00000007bfe80000, 0x00000007c0000000, 0x00000007c0000000)
  eden space 512K, 100% used [0x00000007bfe80000,0x00000007bff00000,0x00000007bff00000)
  from space 512K, 100% used [0x00000007bff00000,0x00000007bff80000,0x00000007bff80000)
  to   space 512K, 0% used [0x00000007bff80000,0x00000007bff80000,0x00000007c0000000)
 ParOldGen       total 512K, used 116K [0x00000007bfe00000, 0x00000007bfe80000, 0x00000007bfe80000)
  object space 512K, 22% used [0x00000007bfe00000,0x00000007bfe1d010,0x00000007bfe80000)
 Metaspace       used 2937K, capacity 4496K, committed 4864K, reserved 1056768K
  class space    used 320K, capacity 388K, committed 512K, reserved 1048576K
Event: 0.165 GC heap after
Heap after GC invocations=4 (full 0):
 PSYoungGen      total 1024K, used 1024K [0x00000007bfe80000, 0x00000007c0000000, 0x00000007c0000000)
  eden space 512K, 100% used [0x00000007bfe80000,0x00000007bff00000,0x00000007bff00000)
  from space 512K, 100% used [0x00000007bff00000,0x00000007bff80000,0x00000007bff80000)
  to   space 512K, 98% used [0x00000007bff80000,0x00000007bfffdba8,0x00000007c0000000)
 ParOldGen       total 512K, used 508K [0x00000007bfe00000, 0x00000007bfe80000, 0x00000007bfe80000)
  object space 512K, 99% used [0x00000007bfe00000,0x00000007bfe7f010,0x00000007bfe80000)
 Metaspace       used 2937K, capacity 4496K, committed 4864K, reserved 1056768K
  class space    used 320K, capacity 388K, committed 512K, reserved 1048576K
}
Event: 0.178 GC heap before
{Heap before GC invocations=5 (full 1):
 PSYoungGen      total 1024K, used 1024K [0x00000007bfe80000, 0x00000007c0000000, 0x00000007c0000000)
  eden space 512K, 100% used [0x00000007bfe80000,0x00000007bff00000,0x00000007bff00000)
  from space 512K, 100% used [0x00000007bff00000,0x00000007bff80000,0x00000007bff80000)
  to   space 512K, 98% used [0x00000007bff80000,0x00000007bfffdba8,0x00000007c0000000)
 ParOldGen       total 512K, used 508K [0x00000007bfe00000, 0x00000007bfe80000, 0x00000007bfe80000)
  object space 512K, 99% used [0x00000007bfe00000,0x00000007bfe7f010,0x00000007bfe80000)
 Metaspace       used 2937K, capacity 4496K, committed 4864K, reserved 1056768K
  class space    used 320K, capacity 388K, committed 512K, reserved 1048576K
Event: 0.185 GC heap after
Heap after GC invocations=5 (full 1):
 PSYoungGen      total 1024K, used 0K [0x00000007bfe80000, 0x00000007c0000000, 0x00000007c0000000)
  eden space 512K, 0% used [0x00000007bfe80000,0x00000007bfe80000,0x00000007bff00000)
  from space 512K, 0% used [0x00000007bff00000,0x00000007bff00000,0x00000007bff80000)
  to   space 512K, 98% used [0x00000007bff80000,0x00000007bfffda00,0x00000007c0000000)
 ParOldGen       total 512K, used 484K [0x00000007bfe00000, 0x00000007bfe80000, 0x00000007bfe80000)
  object space 512K, 94% used [0x00000007bfe00000,0x00000007bfe79028,0x00000007bfe80000)
 Metaspace       used 2937K, capacity 4496K, committed 4864K, reserved 1056768K
  class space    used 320K, capacity 388K, committed 512K, reserved 1048576K
}
Event: 0.203 GC heap before
{Heap before GC invocations=6 (full 2):
 PSYoungGen      total 1024K, used 512K [0x00000007bfe80000, 0x00000007c0000000, 0x00000007c0000000)
  eden space 512K, 100% used [0x00000007bfe80000,0x00000007bff00000,0x00000007bff00000)
  from space 512K, 0% used [0x00000007bff00000,0x00000007bff00000,0x00000007bff80000)
  to   space 512K, 98% used [0x00000007bff80000,0x00000007bfffda00,0x00000007c0000000)
 ParOldGen       total 512K, used 484K [0x00000007bfe00000, 0x00000007bfe80000, 0x00000007bfe80000)
  object space 512K, 94% used [0x00000007bfe00000,0x00000007bfe79028,0x00000007bfe80000)
 Metaspace       used 2941K, capacity 4496K, committed 4864K, reserved 1056768K
  class space    used 321K, capacity 388K, committed 512K, reserved 1048576K
Event: 0.212 GC heap after
Heap after GC invocations=6 (full 2):
 PSYoungGen      total 1024K, used 495K [0x00000007bfe80000, 0x00000007c0000000, 0x00000007c0000000)
  eden space 512K, 96% used [0x00000007bfe80000,0x00000007bfefbc30,0x00000007bff00000)
  from space 512K, 0% used [0x00000007bff00000,0x00000007bff00000,0x00000007bff80000)
  to   space 512K, 87% used [0x00000007bff80000,0x00000007bffefe58,0x00000007c0000000)
 ParOldGen       total 512K, used 483K [0x00000007bfe00000, 0x00000007bfe80000, 0x00000007bfe80000)
  object space 512K, 94% used [0x00000007bfe00000,0x00000007bfe78cf0,0x00000007bfe80000)
 Metaspace       used 2941K, capacity 4496K, committed 4864K, reserved 1056768K
  class space    used 321K, capacity 388K, committed 512K, reserved 1048576K
}
Event: 0.230 GC heap before
{Heap before GC invocations=7 (full 3):
 PSYoungGen      total 1024K, used 512K [0x00000007bfe80000, 0x00000007c0000000, 0x00000007c0000000)
  eden space 512K, 100% used [0x00000007bfe80000,0x00000007bff00000,0x00000007bff00000)
  from space 512K, 0% used [0x00000007bff00000,0x00000007bff00000,0x00000007bff80000)
  to   space 512K, 87% used [0x00000007bff80000,0x00000007bffefe58,0x00000007c0000000)
 ParOldGen       total 512K, used 483K [0x00000007bfe00000, 0x00000007bfe80000, 0x00000007bfe80000)
  object space 512K, 94% used [0x00000007bfe00000,0x00000007bfe78cf0,0x00000007bfe80000)
 Metaspace       used 2941K, capacity 4496K, committed 4864K, reserved 1056768K
  class space    used 321K, capacity 388K, committed 512K, reserved 1048576K
Event: 0.238 GC heap after
Heap after GC invocations=7 (full 3):
 PSYoungGen      total 1024K, used 511K [0x00000007bfe80000, 0x00000007c0000000, 0x00000007c0000000)
  eden space 512K, 99% used [0x00000007bfe80000,0x00000007bfefffc8,0x00000007bff00000)
  from space 512K, 0% used [0x00000007bff00000,0x00000007bff00000,0x00000007bff80000)
  to   space 512K, 87% used [0x00000007bff80000,0x00000007bffefe58,0x00000007c0000000)
 ParOldGen       total 512K, used 483K [0x00000007bfe00000, 0x00000007bfe80000, 0x00000007bfe80000)
  object space 512K, 94% used [0x00000007bfe00000,0x00000007bfe78cf0,0x00000007bfe80000)
 Metaspace       used 2941K, capacity 4496K, committed 4864K, reserved 1056768K
  class space    used 321K, capacity 388K, committed 512K, reserved 1048576K
}
Event: 0.257 GC heap before
{Heap before GC invocations=8 (full 4):
 PSYoungGen      total 1024K, used 512K [0x00000007bfe80000, 0x00000007c0000000, 0x00000007c0000000)
  eden space 512K, 100% used [0x00000007bfe80000,0x00000007bff00000,0x00000007bff00000)
  from space 512K, 0% used [0x00000007bff00000,0x00000007bff00000,0x00000007bff80000)
  to   space 512K, 87% used [0x00000007bff80000,0x00000007bffefe58,0x00000007c0000000)
 ParOldGen       total 512K, used 483K [0x00000007bfe00000, 0x00000007bfe80000, 0x00000007bfe80000)
  object space 512K, 94% used [0x00000007bfe00000,0x00000007bfe78cf0,0x00000007bfe80000)
 Metaspace       used 2941K, capacity 4496K, committed 4864K, reserved 1056768K
  class space    used 321K, capacity 388K, committed 512K, reserved 1048576K
Event: 0.264 GC heap after
Heap after GC invocations=8 (full 4):
 PSYoungGen      total 1024K, used 512K [0x00000007bfe80000, 0x00000007c0000000, 0x00000007c0000000)
  eden space 512K, 100% used [0x00000007bfe80000,0x00000007bff00000,0x00000007bff00000)
  from space 512K, 0% used [0x00000007bff00000,0x00000007bff00000,0x00000007bff80000)
  to   space 512K, 87% used [0x00000007bff80000,0x00000007bffefe58,0x00000007c0000000)
 ParOldGen       total 512K, used 483K [0x00000007bfe00000, 0x00000007bfe80000, 0x00000007bfe80000)
  object space 512K, 94% used [0x00000007bfe00000,0x00000007bfe78cf0,0x00000007bfe80000)
 Metaspace       used 2941K, capacity 4496K, committed 4864K, reserved 1056768K
  class space    used 321K, capacity 388K, committed 512K, reserved 1048576K
}

